<?xml version="1.0" encoding="UTF-8"?>
<!-- Generated by org.testng.reporters.JUnitReportReporter -->
<testsuite skipped="1" hostname="Harshita" name="sample_testng_project.test1" tests="2" failures="0" timestamp="28 Jun 2021 07:55:45 GMT" time="0.037" errors="0">
  <testcase name="display" time="0.037" classname="sample_testng_project.test1"/>
  <testcase name="show" classname="sample_testng_project.test1">
    <skipped/>
  </testcase> <!-- show -->
</testsuite> <!-- sample_testng_project.test1 -->
