<?xml version="1.0" encoding="UTF-8"?>
<!-- Generated by org.testng.reporters.JUnitReportReporter -->
<testsuite skipped="0" hostname="Harshita" name="sample_testng_project.test2" tests="2" failures="0" timestamp="28 Jun 2021 07:55:45 GMT" time="0.008" errors="0">
  <testcase name="show" time="0.008" classname="sample_testng_project.test2"/>
  <testcase name="display" time="0.000" classname="sample_testng_project.test2"/>
</testsuite> <!-- sample_testng_project.test2 -->
